<?xml version="1.0" encoding="UTF-8"?>
<testng-results skipped="0" failed="0" ignored="0" total="1" passed="1">
  <reporter-output>
  </reporter-output>
  <suite name="Default suite" duration-ms="46967" started-at="2021-04-14T18:38:44 IST" finished-at="2021-04-14T18:39:31 IST">
    <groups>
      <group name="cucumber">
        <method signature="AbstractTestNGCucumberTests.runScenario(cucumber.api.testng.PickleEventWrapper, cucumber.api.testng.CucumberFeatureWrapper)[pri:0, instance:com.cumframework.runner.Runner@5f282abb]" name="runScenario" class="cucumber.api.testng.AbstractTestNGCucumberTests"/>
      </group> <!-- cucumber -->
    </groups>
    <test name="Default test" duration-ms="46967" started-at="2021-04-14T18:38:44 IST" finished-at="2021-04-14T18:39:31 IST">
      <class name="com.cumframework.runner.Runner">
        <test-method status="PASS" signature="setUpClass()[pri:0, instance:com.cumframework.runner.Runner@5f282abb]" name="setUpClass" is-config="true" duration-ms="223" started-at="2021-04-14T18:38:44 IST" finished-at="2021-04-14T18:38:44 IST">
          <reporter-output>
          </reporter-output>
        </test-method> <!-- setUpClass -->
        <test-method status="PASS" signature="runScenario(cucumber.api.testng.PickleEventWrapper, cucumber.api.testng.CucumberFeatureWrapper)[pri:0, instance:com.cumframework.runner.Runner@5f282abb]" name="runScenario" duration-ms="46545" started-at="2021-04-14T18:38:44 IST" description="Runs Cucumber Scenarios" data-provider="scenarios" finished-at="2021-04-14T18:39:31 IST">
          <params>
            <param index="0">
              <value>
                <![CDATA["TC001 Carwale"]]>
              </value>
            </param>
            <param index="1">
              <value>
                <![CDATA["Carwale"]]>
              </value>
            </param>
          </params>
          <reporter-output>
          </reporter-output>
        </test-method> <!-- runScenario -->
        <test-method status="PASS" signature="tearDownClass()[pri:0, instance:com.cumframework.runner.Runner@5f282abb]" name="tearDownClass" is-config="true" duration-ms="62" started-at="2021-04-14T18:39:31 IST" finished-at="2021-04-14T18:39:31 IST">
          <reporter-output>
          </reporter-output>
        </test-method> <!-- tearDownClass -->
      </class> <!-- com.cumframework.runner.Runner -->
    </test> <!-- Default test -->
  </suite> <!-- Default suite -->
</testng-results>
